Dec 11, 2018 5:11:43 PM com.rapidminer.gui.RapidMinerGUI run
INFO: Launching RapidMiner 9.0.003, platform ANY
Dec 11, 2018 5:11:43 PM com.rapidminer.tools.I18N <clinit>
INFO: Set locale to en.
Dec 11, 2018 5:11:43 PM com.rapidminer.core.license.ProductConstraintManager initialize
INFO: Initializing license manager.
Dec 11, 2018 5:11:43 PM com.rapidminer.core.license.ProductConstraintManager initialize
INFO: Using default license location.
Dec 11, 2018 5:11:43 PM com.rapidminer.core.license.ProductConstraintManager initialize
INFO: Registering default product.
Dec 11, 2018 5:11:44 PM com.rapidminer.search.GlobalSearchRegistry registerSearchCategory
INFO: Global Search category repository registered.
Dec 11, 2018 5:11:44 PM com.rapidminer.tools.plugin.Plugin registerPlugins
INFO: Register plugin: Model Simulator
Dec 11, 2018 5:11:44 PM com.rapidminer.tools.plugin.Plugin registerPlugins
INFO: Register plugin: Advanced File Connectors
Dec 11, 2018 5:11:44 PM com.rapidminer.tools.plugin.Plugin registerPlugins
INFO: Register plugin: Concurrency
Dec 11, 2018 5:11:44 PM com.rapidminer.tools.plugin.Plugin registerPlugins
INFO: Register plugin: Productivity
Dec 11, 2018 5:11:44 PM com.rapidminer.tools.plugin.Plugin registerPlugins
INFO: Register plugin: Cloud Connectivity
Dec 11, 2018 5:11:44 PM com.rapidminer.tools.plugin.Plugin registerPlugins
INFO: Register plugin: Cloud Execution
Dec 11, 2018 5:11:44 PM com.rapidminer.tools.plugin.Plugin registerPlugins
INFO: Register plugin: Time Series
Dec 11, 2018 5:11:44 PM com.rapidminer.tools.plugin.Plugin registerPlugins
INFO: Register plugin: Process Scheduling
Dec 11, 2018 5:11:44 PM com.rapidminer.tools.plugin.Plugin registerPlugins
INFO: Register plugin: H2O
Dec 11, 2018 5:11:44 PM com.rapidminer.tools.plugin.Plugin registerPlugins
INFO: Register plugin: Operator Recommender
Dec 11, 2018 5:11:44 PM com.rapidminer.tools.plugin.Plugin registerPlugins
INFO: Register plugin: Data Editor
Dec 11, 2018 5:11:44 PM com.rapidminer.tools.plugin.Plugin registerPlugins
INFO: Register plugin: Legacy Result Access
Dec 11, 2018 5:11:44 PM com.rapidminer.tools.plugin.Plugin registerPlugins
INFO: Register plugin: JDBC Connectors
Dec 11, 2018 5:11:44 PM com.rapidminer.tools.plugin.Plugin registerPlugins
INFO: Register plugin: Remote Repository
Dec 11, 2018 5:11:44 PM com.rapidminer.tools.plugin.Plugin registerPlugins
INFO: Register plugin: Professional
Dec 11, 2018 5:11:44 PM com.rapidminer.tools.plugin.Plugin registerPlugins
INFO: Register plugin: Social Media
Dec 11, 2018 5:11:46 PM com.rapidminer.tools.config.ConfigurationManager register
INFO: Registered configurator Twitter Connection.
Dec 11, 2018 5:11:46 PM com.rapidminer.tools.config.ConfigurationManager register
INFO: Registered configurator Salesforce Connection.
Dec 11, 2018 5:11:46 PM com.rapidminer.tools.config.ConfigurationManager register
INFO: Registered configurator Amazon S3 Connection.
Dec 11, 2018 5:11:46 PM com.rapidminer.tools.config.ConfigurationManager register
INFO: Registered configurator Azure Blob Storage Connection.
Dec 11, 2018 5:11:46 PM com.rapidminer.tools.config.ConfigurationManager register
INFO: Registered configurator Google Cloud Storage Connection.
Dec 11, 2018 5:11:46 PM com.rapidminer.tools.config.ConfigurationManager register
INFO: Registered configurator Dropbox Connection.
Dec 11, 2018 5:11:47 PM com.rapidminer.extension.jdbc.tools.jdbc.JDBCProperties <init>
WARNING: Missing database driver class name for ODBC Bridge (e.g. Access)
Dec 11, 2018 5:11:47 PM com.rapidminer.extension.jdbc.tools.jdbc.JDBCProperties <init>
WARNING: Missing database driver class name for Ingres
Dec 11, 2018 5:11:48 PM com.rapidminer.repository.RepositoryManager registerExtensionSamples
INFO: Registered 'Time Series' as sample folder.
Dec 11, 2018 5:11:48 PM com.rapidminer.tools.plugin.Plugin initAll
INFO: Extension Productivity was loaded in 125ms.
Dec 11, 2018 5:11:48 PM com.rapidminer.tools.plugin.Plugin initAll
INFO: Extension Professional was loaded in 127ms.
Dec 11, 2018 5:11:48 PM com.rapidminer.tools.plugin.Plugin initAll
INFO: Extension Data Editor was loaded in 129ms.
Dec 11, 2018 5:11:48 PM com.rapidminer.tools.plugin.Plugin initAll
INFO: Extension Operator Recommender was loaded in 132ms.
Dec 11, 2018 5:11:48 PM com.rapidminer.tools.plugin.Plugin initAll
INFO: Extension Concurrency was loaded in 141ms.
Dec 11, 2018 5:11:48 PM com.rapidminer.tools.plugin.Plugin initAll
INFO: Extension Remote Repository was loaded in 141ms.
Dec 11, 2018 5:11:48 PM com.rapidminer.tools.plugin.Plugin initAll
INFO: Extension Legacy Result Access was loaded in 166ms.
Dec 11, 2018 5:11:48 PM com.rapidminer.tools.plugin.Plugin initAll
INFO: Extension Social Media was loaded in 175ms.
Dec 11, 2018 5:11:48 PM com.rapidminer.tools.plugin.Plugin initAll
INFO: Extension Cloud Execution was loaded in 180ms.
Dec 11, 2018 5:11:48 PM com.rapidminer.tools.plugin.Plugin initAll
INFO: Extension Advanced File Connectors was loaded in 246ms.
Dec 11, 2018 5:11:48 PM com.rapidminer.tools.plugin.Plugin initAll
INFO: Extension Model Simulator was loaded in 283ms.
Dec 11, 2018 5:11:48 PM com.rapidminer.tools.plugin.Plugin initAll
INFO: Extension JDBC Connectors was loaded in 289ms.
Dec 11, 2018 5:11:48 PM com.rapidminer.tools.plugin.Plugin initAll
INFO: Extension Time Series was loaded in 327ms.
Dec 11, 2018 5:11:48 PM com.rapidminer.tools.plugin.Plugin initAll
INFO: Extension Process Scheduling was loaded in 362ms.
Dec 11, 2018 5:11:48 PM com.rapidminer.tools.plugin.Plugin initAll
INFO: Extension H2O was loaded in 527ms.
Dec 11, 2018 5:11:48 PM com.rapidminer.tools.plugin.Plugin initAll
INFO: Extension Cloud Connectivity was loaded in 776ms.
Dec 11, 2018 5:11:48 PM com.rapidminer.search.GlobalSearchRegistry registerSearchCategory
INFO: Global Search category operator registered.
Dec 11, 2018 5:11:54 PM com.rapidminer.tools.config.ConfigurationManager loadConfiguration
INFO: Load configuration for Amazon S3 Connection.
Dec 11, 2018 5:11:54 PM com.rapidminer.tools.config.ClientConfigurationManager loadAllParameters
INFO: No configuration file found for Amazon S3 Connection
Dec 11, 2018 5:11:54 PM com.rapidminer.tools.config.ConfigurationManager loadConfiguration
INFO: Loaded configurations for 0 objects of type Amazon S3 Connection.
Dec 11, 2018 5:11:54 PM com.rapidminer.tools.config.ConfigurationManager loadConfiguration
INFO: Load configuration for Azure Blob Storage Connection.
Dec 11, 2018 5:11:54 PM com.rapidminer.tools.config.ClientConfigurationManager loadAllParameters
INFO: No configuration file found for Azure Blob Storage Connection
Dec 11, 2018 5:11:54 PM com.rapidminer.tools.config.ConfigurationManager loadConfiguration
INFO: Loaded configurations for 0 objects of type Azure Blob Storage Connection.
Dec 11, 2018 5:11:54 PM com.rapidminer.tools.config.ConfigurationManager loadConfiguration
INFO: Load configuration for Dropbox Connection.
Dec 11, 2018 5:11:54 PM com.rapidminer.tools.config.ClientConfigurationManager loadAllParameters
INFO: No configuration file found for Dropbox Connection
Dec 11, 2018 5:11:54 PM com.rapidminer.tools.config.ConfigurationManager loadConfiguration
INFO: Loaded configurations for 0 objects of type Dropbox Connection.
Dec 11, 2018 5:11:54 PM com.rapidminer.tools.config.ConfigurationManager loadConfiguration
INFO: Load configuration for Salesforce Connection.
Dec 11, 2018 5:11:54 PM com.rapidminer.tools.config.ClientConfigurationManager loadAllParameters
INFO: No configuration file found for Salesforce Connection
Dec 11, 2018 5:11:54 PM com.rapidminer.tools.config.ConfigurationManager loadConfiguration
INFO: Loaded configurations for 0 objects of type Salesforce Connection.
Dec 11, 2018 5:11:54 PM com.rapidminer.tools.config.ConfigurationManager loadConfiguration
INFO: Load configuration for Google Cloud Storage Connection.
Dec 11, 2018 5:11:54 PM com.rapidminer.tools.config.ClientConfigurationManager loadAllParameters
INFO: No configuration file found for Google Cloud Storage Connection
Dec 11, 2018 5:11:54 PM com.rapidminer.tools.config.ConfigurationManager loadConfiguration
INFO: Loaded configurations for 0 objects of type Google Cloud Storage Connection.
Dec 11, 2018 5:11:54 PM com.rapidminer.tools.config.ConfigurationManager loadConfiguration
INFO: Load configuration for Twitter Connection.
Dec 11, 2018 5:11:54 PM com.rapidminer.tools.config.ClientConfigurationManager loadAllParameters
INFO: No configuration file found for Twitter Connection
Dec 11, 2018 5:11:54 PM com.rapidminer.tools.config.ConfigurationManager loadConfiguration
INFO: Loaded configurations for 0 objects of type Twitter Connection.
Dec 11, 2018 5:11:56 PM com.rapidminer.search.GlobalSearchRegistry registerSearchCategory
INFO: Global Search category actions registered.
Dec 11, 2018 5:11:59 PM com.rapidminer.gui.search.GlobalSearchGUIRegistry registerSearchVisualizationProvider
INFO: Global Search GUI provider added for category operator.
Dec 11, 2018 5:11:59 PM com.rapidminer.gui.search.GlobalSearchGUIRegistry registerSearchVisualizationProvider
INFO: Global Search GUI provider added for category repository.
Dec 11, 2018 5:11:59 PM com.rapidminer.gui.search.GlobalSearchGUIRegistry registerSearchVisualizationProvider
INFO: Global Search GUI provider added for category actions.
Dec 11, 2018 5:11:59 PM com.rapidminer.search.GlobalSearchRegistry registerSearchCategory
INFO: Global Search category marketplace registered.
Dec 11, 2018 5:11:59 PM com.rapidminer.gui.search.GlobalSearchGUIRegistry registerSearchVisualizationProvider
INFO: Global Search GUI provider added for category marketplace.
Dec 11, 2018 5:11:59 PM com.rapidminer.deployment.update.client.MarketplaceUpdateManager$1 run
INFO: Checking for updates.
Dec 11, 2018 5:12:01 PM com.rapidminer.deployment.update.client.MarketplaceUpdateManager$1 run
INFO: No updates since 12/7/18 2:41 PM.
Dec 11, 2018 5:15:05 PM com.rapidminer.tools.ResultService init
INFO: No filename given for result file, using stdout for logging results!
Dec 11, 2018 5:15:05 PM com.rapidminer.Process execute
INFO: Process //AIAD_PROJ/M5_third_try starts
Dec 11, 2018 5:15:05 PM com.rapidminer.tools.WrapperLoggingHandler logWarning
WARNING: Example set has no nominal label: using shuffled partition instead of stratified partition
Dec 11, 2018 5:15:05 PM com.rapidminer.Process saveResults
INFO: Saving results.
Dec 11, 2018 5:15:05 PM com.rapidminer.Process execute
INFO: Process //AIAD_PROJ/M5_third_try finished successfully after 0 s
Dec 11, 2018 5:17:09 PM com.rapidminer.tools.ResultService init
INFO: No filename given for result file, using stdout for logging results!
Dec 11, 2018 5:17:09 PM com.rapidminer.Process execute
INFO: Process //AIAD_PROJ/M5_third_try starts
Dec 11, 2018 5:17:09 PM com.rapidminer.tools.WrapperLoggingHandler logWarning
WARNING: Example set has no nominal label: using shuffled partition instead of stratified partition
Dec 11, 2018 5:17:09 PM com.rapidminer.Process saveResults
INFO: Saving results.
Dec 11, 2018 5:17:09 PM com.rapidminer.Process execute
INFO: Process //AIAD_PROJ/M5_third_try finished successfully after 0 s
Dec 11, 2018 5:17:51 PM com.rapidminer.tools.ResultService init
INFO: No filename given for result file, using stdout for logging results!
Dec 11, 2018 5:17:52 PM com.rapidminer.Process execute
INFO: Process //AIAD_PROJ/M5_third_try starts
Dec 11, 2018 5:17:52 PM com.rapidminer.tools.WrapperLoggingHandler logWarning
WARNING: Example set has no nominal label: using shuffled partition instead of stratified partition
Dec 11, 2018 5:17:52 PM com.rapidminer.Process saveResults
INFO: Saving results.
Dec 11, 2018 5:17:52 PM com.rapidminer.Process execute
INFO: Process //AIAD_PROJ/M5_third_try finished successfully after 0 s
Dec 11, 2018 5:19:40 PM com.rapidminer.tools.ResultService init
INFO: No filename given for result file, using stdout for logging results!
Dec 11, 2018 5:19:40 PM com.rapidminer.Process execute
INFO: Process //AIAD_PROJ/M5_third_try starts
Dec 11, 2018 5:19:40 PM com.rapidminer.tools.WrapperLoggingHandler logWarning
WARNING: Example set has no nominal label: using shuffled partition instead of stratified partition
Dec 11, 2018 5:19:40 PM com.rapidminer.Process saveResults
INFO: Saving results.
Dec 11, 2018 5:19:40 PM com.rapidminer.Process execute
INFO: Process //AIAD_PROJ/M5_third_try finished successfully after 0 s
Dec 11, 2018 5:20:06 PM com.rapidminer.tools.ResultService init
INFO: No filename given for result file, using stdout for logging results!
Dec 11, 2018 5:20:06 PM com.rapidminer.Process execute
INFO: Process //AIAD_PROJ/M5_third_try starts
Dec 11, 2018 5:20:07 PM com.rapidminer.tools.WrapperLoggingHandler logWarning
WARNING: Example set has no nominal label: using shuffled partition instead of stratified partition
Dec 11, 2018 5:20:07 PM com.rapidminer.Process saveResults
INFO: Saving results.
Dec 11, 2018 5:20:07 PM com.rapidminer.Process execute
INFO: Process //AIAD_PROJ/M5_third_try finished successfully after 0 s
Dec 11, 2018 5:20:40 PM com.rapidminer.tools.ResultService init
INFO: No filename given for result file, using stdout for logging results!
Dec 11, 2018 5:20:40 PM com.rapidminer.Process execute
INFO: Process //AIAD_PROJ/M5_third_try starts
Dec 11, 2018 5:20:40 PM com.rapidminer.tools.WrapperLoggingHandler logWarning
WARNING: Example set has no nominal label: using shuffled partition instead of stratified partition
Dec 11, 2018 5:20:40 PM com.rapidminer.Process saveResults
INFO: Saving results.
Dec 11, 2018 5:20:40 PM com.rapidminer.Process execute
INFO: Process //AIAD_PROJ/M5_third_try finished successfully after 0 s
Dec 11, 2018 5:20:58 PM com.rapidminer.tools.ResultService init
INFO: No filename given for result file, using stdout for logging results!
Dec 11, 2018 5:20:58 PM com.rapidminer.Process execute
INFO: Process //AIAD_PROJ/M5_third_try starts
Dec 11, 2018 5:20:58 PM com.rapidminer.tools.WrapperLoggingHandler logWarning
WARNING: Example set has no nominal label: using shuffled partition instead of stratified partition
Dec 11, 2018 5:20:59 PM com.rapidminer.Process saveResults
INFO: Saving results.
Dec 11, 2018 5:20:59 PM com.rapidminer.Process execute
INFO: Process //AIAD_PROJ/M5_third_try finished successfully after 0 s
Dec 11, 2018 5:21:12 PM com.rapidminer.tools.ResultService init
INFO: No filename given for result file, using stdout for logging results!
Dec 11, 2018 5:21:12 PM com.rapidminer.Process execute
INFO: Process //AIAD_PROJ/M5_third_try starts
Dec 11, 2018 5:21:12 PM com.rapidminer.tools.WrapperLoggingHandler logWarning
WARNING: Example set has no nominal label: using shuffled partition instead of stratified partition
Dec 11, 2018 5:21:12 PM com.rapidminer.Process saveResults
INFO: Saving results.
Dec 11, 2018 5:21:12 PM com.rapidminer.Process execute
INFO: Process //AIAD_PROJ/M5_third_try finished successfully after 0 s
Dec 11, 2018 5:21:21 PM com.rapidminer.tools.ResultService init
INFO: No filename given for result file, using stdout for logging results!
Dec 11, 2018 5:21:21 PM com.rapidminer.Process execute
INFO: Process //AIAD_PROJ/M5_third_try starts
Dec 11, 2018 5:21:21 PM com.rapidminer.tools.WrapperLoggingHandler logWarning
WARNING: Example set has no nominal label: using shuffled partition instead of stratified partition
Dec 11, 2018 5:21:21 PM com.rapidminer.Process saveResults
INFO: Saving results.
Dec 11, 2018 5:21:21 PM com.rapidminer.Process execute
INFO: Process //AIAD_PROJ/M5_third_try finished successfully after 0 s
Dec 11, 2018 5:22:39 PM com.rapidminer.tools.ResultService init
INFO: No filename given for result file, using stdout for logging results!
Dec 11, 2018 5:22:39 PM com.rapidminer.Process execute
INFO: Process //AIAD_PROJ/M5_third_try starts
Dec 11, 2018 5:22:39 PM com.rapidminer.tools.WrapperLoggingHandler logWarning
WARNING: Example set has no nominal label: using shuffled partition instead of stratified partition
Dec 11, 2018 5:22:39 PM com.rapidminer.Process saveResults
INFO: Saving results.
Dec 11, 2018 5:22:39 PM com.rapidminer.Process execute
INFO: Process //AIAD_PROJ/M5_third_try finished successfully after 0 s
Dec 11, 2018 5:22:48 PM com.rapidminer.tools.ResultService init
INFO: No filename given for result file, using stdout for logging results!
Dec 11, 2018 5:22:48 PM com.rapidminer.Process execute
INFO: Process //AIAD_PROJ/M5_third_try starts
Dec 11, 2018 5:22:48 PM com.rapidminer.tools.WrapperLoggingHandler logWarning
WARNING: Example set has no nominal label: using shuffled partition instead of stratified partition
Dec 11, 2018 5:22:48 PM com.rapidminer.Process saveResults
INFO: Saving results.
Dec 11, 2018 5:22:48 PM com.rapidminer.Process execute
INFO: Process //AIAD_PROJ/M5_third_try finished successfully after 0 s
Dec 11, 2018 5:34:10 PM com.rapidminer.tools.ResultService init
INFO: No filename given for result file, using stdout for logging results!
Dec 11, 2018 5:34:10 PM com.rapidminer.Process execute
INFO: Process //AIAD_PROJ/M5_third_try starts
Dec 11, 2018 5:34:10 PM com.rapidminer.tools.WrapperLoggingHandler logWarning
WARNING: Example set has no nominal label: using shuffled partition instead of stratified partition
Dec 11, 2018 5:34:10 PM com.rapidminer.Process saveResults
INFO: Saving results.
Dec 11, 2018 5:34:10 PM com.rapidminer.Process execute
INFO: Process //AIAD_PROJ/M5_third_try finished successfully after 0 s
Dec 11, 2018 5:36:07 PM com.rapidminer.tools.ResultService init
INFO: No filename given for result file, using stdout for logging results!
Dec 11, 2018 5:36:07 PM com.rapidminer.Process execute
INFO: Process //AIAD_PROJ/M5_third_try starts
Dec 11, 2018 5:36:07 PM com.rapidminer.tools.WrapperLoggingHandler logWarning
WARNING: Example set has no nominal label: using shuffled partition instead of stratified partition
Dec 11, 2018 5:36:08 PM com.rapidminer.operator.performance.SimpleCriterion countExample
WARNING: SimpleCriterion: Deviation of Performance was NaN!
Dec 11, 2018 5:36:08 PM com.rapidminer.Process saveResults
INFO: Saving results.
Dec 11, 2018 5:36:08 PM com.rapidminer.Process execute
INFO: Process //AIAD_PROJ/M5_third_try finished successfully after 0 s
Dec 11, 2018 5:45:01 PM com.rapidminer.tools.ResultService init
INFO: No filename given for result file, using stdout for logging results!
Dec 11, 2018 5:45:01 PM com.rapidminer.Process execute
INFO: Process //AIAD_PROJ/M5_third_try starts
Dec 11, 2018 5:45:01 PM com.rapidminer.tools.WrapperLoggingHandler logWarning
WARNING: Example set has no nominal label: using shuffled partition instead of stratified partition
Dec 11, 2018 5:45:01 PM com.rapidminer.Process saveResults
INFO: Saving results.
Dec 11, 2018 5:45:01 PM com.rapidminer.Process execute
INFO: Process //AIAD_PROJ/M5_third_try finished successfully after 0 s
Dec 11, 2018 5:50:17 PM com.rapidminer.tools.ResultService init
INFO: No filename given for result file, using stdout for logging results!
Dec 11, 2018 5:50:17 PM com.rapidminer.Process execute
INFO: Process //AIAD_PROJ/M5_third_try starts
Dec 11, 2018 5:50:17 PM com.rapidminer.tools.WrapperLoggingHandler logWarning
WARNING: Example set has no nominal label: using shuffled partition instead of stratified partition
Dec 11, 2018 5:50:17 PM com.rapidminer.Process saveResults
INFO: Saving results.
Dec 11, 2018 5:50:17 PM com.rapidminer.Process execute
INFO: Process //AIAD_PROJ/M5_third_try finished successfully after 0 s
Dec 11, 2018 5:50:29 PM com.rapidminer.tools.ResultService init
INFO: No filename given for result file, using stdout for logging results!
Dec 11, 2018 5:50:29 PM com.rapidminer.Process execute
INFO: Process //AIAD_PROJ/M5_third_try starts
Dec 11, 2018 5:50:29 PM com.rapidminer.tools.WrapperLoggingHandler logWarning
WARNING: Example set has no nominal label: using shuffled partition instead of stratified partition
Dec 11, 2018 5:50:29 PM com.rapidminer.Process saveResults
INFO: Saving results.
Dec 11, 2018 5:50:29 PM com.rapidminer.Process execute
INFO: Process //AIAD_PROJ/M5_third_try finished successfully after 0 s
Dec 11, 2018 5:52:28 PM com.rapidminer.tools.ResultService init
INFO: No filename given for result file, using stdout for logging results!
Dec 11, 2018 5:52:28 PM com.rapidminer.Process execute
INFO: Process //AIAD_PROJ/M5_third_try starts
Dec 11, 2018 5:52:28 PM com.rapidminer.tools.WrapperLoggingHandler logWarning
WARNING: Example set has no nominal label: using shuffled partition instead of stratified partition
Dec 11, 2018 5:52:28 PM com.rapidminer.Process saveResults
INFO: Saving results.
Dec 11, 2018 5:52:28 PM com.rapidminer.Process execute
INFO: Process //AIAD_PROJ/M5_third_try finished successfully after 0 s
Dec 11, 2018 5:52:36 PM com.rapidminer.tools.ResultService init
INFO: No filename given for result file, using stdout for logging results!
Dec 11, 2018 5:52:36 PM com.rapidminer.Process execute
INFO: Process //AIAD_PROJ/M5_third_try starts
Dec 11, 2018 5:52:36 PM com.rapidminer.tools.WrapperLoggingHandler logWarning
WARNING: Example set has no nominal label: using shuffled partition instead of stratified partition
Dec 11, 2018 5:52:36 PM com.rapidminer.Process saveResults
INFO: Saving results.
Dec 11, 2018 5:52:36 PM com.rapidminer.Process execute
INFO: Process //AIAD_PROJ/M5_third_try finished successfully after 0 s
Dec 11, 2018 5:55:03 PM com.rapidminer.tools.ResultService init
INFO: No filename given for result file, using stdout for logging results!
Dec 11, 2018 5:55:03 PM com.rapidminer.Process execute
INFO: Process //AIAD_PROJ/M5_third_try starts
Dec 11, 2018 5:55:03 PM com.rapidminer.tools.WrapperLoggingHandler logWarning
WARNING: Example set has no nominal label: using shuffled partition instead of stratified partition
Dec 11, 2018 5:55:04 PM com.rapidminer.Process saveResults
INFO: Saving results.
Dec 11, 2018 5:55:04 PM com.rapidminer.Process execute
INFO: Process //AIAD_PROJ/M5_third_try finished successfully after 0 s
Dec 11, 2018 5:57:26 PM com.rapidminer.tools.ResultService init
INFO: No filename given for result file, using stdout for logging results!
Dec 11, 2018 5:57:26 PM com.rapidminer.Process execute
INFO: Process //AIAD_PROJ/M5_third_try starts
Dec 11, 2018 5:57:26 PM com.rapidminer.tools.WrapperLoggingHandler logWarning
WARNING: Example set has no nominal label: using shuffled partition instead of stratified partition
Dec 11, 2018 5:57:26 PM com.rapidminer.Process saveResults
INFO: Saving results.
Dec 11, 2018 5:57:26 PM com.rapidminer.Process execute
INFO: Process //AIAD_PROJ/M5_third_try finished successfully after 0 s
Dec 11, 2018 6:06:08 PM com.rapidminer.tools.ResultService init
INFO: No filename given for result file, using stdout for logging results!
Dec 11, 2018 6:06:08 PM com.rapidminer.Process execute
INFO: Process //AIAD_PROJ/M5_third_try starts
Dec 11, 2018 6:06:08 PM com.rapidminer.tools.WrapperLoggingHandler logWarning
WARNING: Example set has no nominal label: using shuffled partition instead of stratified partition
Dec 11, 2018 6:06:08 PM com.rapidminer.Process saveResults
INFO: Saving results.
Dec 11, 2018 6:06:08 PM com.rapidminer.Process execute
INFO: Process //AIAD_PROJ/M5_third_try finished successfully after 0 s
Dec 11, 2018 6:17:45 PM com.rapidminer.RepositoryProcessLocation store
INFO: Saved process definition at //AIAD_PROJ/M5_third_try.
Dec 11, 2018 6:18:15 PM com.rapidminer.RepositoryProcessLocation store
INFO: Saved process definition at //AIAD_PROJ/M5_4_try.
Dec 11, 2018 6:18:47 PM com.rapidminer.RepositoryProcessLocation store
INFO: Saved process definition at //AIAD_PROJ/M5_4_try.
Dec 11, 2018 6:19:11 PM com.rapidminer.RepositoryProcessLocation store
INFO: Saved process definition at //AIAD_PROJ/M5_4_try.
Dec 11, 2018 6:19:16 PM com.rapidminer.RepositoryProcessLocation store
INFO: Saved process definition at //AIAD_PROJ/M5_4_try.
Dec 11, 2018 6:19:17 PM com.rapidminer.tools.ResultService init
INFO: No filename given for result file, using stdout for logging results!
Dec 11, 2018 6:19:17 PM com.rapidminer.Process execute
INFO: Process //AIAD_PROJ/M5_4_try starts
Dec 11, 2018 6:19:17 PM com.rapidminer.tools.WrapperLoggingHandler logWarning
WARNING: Example set has no nominal label: using shuffled partition instead of stratified partition
Dec 11, 2018 6:19:17 PM com.rapidminer.Process saveResults
INFO: Saving results.
Dec 11, 2018 6:19:17 PM com.rapidminer.Process execute
INFO: Process //AIAD_PROJ/M5_4_try finished successfully after 0 s
Dec 11, 2018 6:19:57 PM com.rapidminer.RepositoryProcessLocation store
INFO: Saved process definition at //AIAD_PROJ/M5_4_try.
Dec 11, 2018 6:19:58 PM com.rapidminer.tools.ResultService init
INFO: No filename given for result file, using stdout for logging results!
Dec 11, 2018 6:19:58 PM com.rapidminer.Process execute
INFO: Process //AIAD_PROJ/M5_4_try starts
Dec 11, 2018 6:19:58 PM com.rapidminer.tools.WrapperLoggingHandler logWarning
WARNING: Example set has no nominal label: using shuffled partition instead of stratified partition
Dec 11, 2018 6:19:58 PM com.rapidminer.Process saveResults
INFO: Saving results.
Dec 11, 2018 6:19:58 PM com.rapidminer.Process execute
INFO: Process //AIAD_PROJ/M5_4_try finished successfully after 0 s
Dec 11, 2018 6:21:31 PM com.rapidminer.tools.ResultService init
INFO: No filename given for result file, using stdout for logging results!
Dec 11, 2018 6:21:31 PM com.rapidminer.Process execute
INFO: Process //AIAD_PROJ/M5_third_try starts
Dec 11, 2018 6:21:31 PM com.rapidminer.tools.WrapperLoggingHandler logWarning
WARNING: Example set has no nominal label: using shuffled partition instead of stratified partition
Dec 11, 2018 6:21:31 PM com.rapidminer.Process saveResults
INFO: Saving results.
Dec 11, 2018 6:21:31 PM com.rapidminer.Process execute
INFO: Process //AIAD_PROJ/M5_third_try finished successfully after 0 s
Dec 11, 2018 6:21:43 PM com.rapidminer.tools.ResultService init
INFO: No filename given for result file, using stdout for logging results!
Dec 11, 2018 6:21:43 PM com.rapidminer.Process execute
INFO: Process //AIAD_PROJ/M5_third_try starts
Dec 11, 2018 6:21:43 PM com.rapidminer.tools.WrapperLoggingHandler logWarning
WARNING: Example set has no nominal label: using shuffled partition instead of stratified partition
Dec 11, 2018 6:21:44 PM com.rapidminer.Process saveResults
INFO: Saving results.
Dec 11, 2018 6:21:44 PM com.rapidminer.Process execute
INFO: Process //AIAD_PROJ/M5_third_try finished successfully after 0 s
Dec 11, 2018 6:21:53 PM com.rapidminer.tools.ResultService init
INFO: No filename given for result file, using stdout for logging results!
Dec 11, 2018 6:21:53 PM com.rapidminer.Process execute
INFO: Process //AIAD_PROJ/M5_third_try starts
Dec 11, 2018 6:21:53 PM com.rapidminer.tools.WrapperLoggingHandler logWarning
WARNING: Example set has no nominal label: using shuffled partition instead of stratified partition
Dec 11, 2018 6:21:53 PM com.rapidminer.Process saveResults
INFO: Saving results.
Dec 11, 2018 6:21:53 PM com.rapidminer.Process execute
INFO: Process //AIAD_PROJ/M5_third_try finished successfully after 0 s
Dec 11, 2018 6:22:00 PM com.rapidminer.tools.ResultService init
INFO: No filename given for result file, using stdout for logging results!
Dec 11, 2018 6:22:00 PM com.rapidminer.Process execute
INFO: Process //AIAD_PROJ/M5_third_try starts
Dec 11, 2018 6:22:00 PM com.rapidminer.tools.WrapperLoggingHandler logWarning
WARNING: Example set has no nominal label: using shuffled partition instead of stratified partition
Dec 11, 2018 6:22:00 PM com.rapidminer.Process saveResults
INFO: Saving results.
Dec 11, 2018 6:22:00 PM com.rapidminer.Process execute
INFO: Process //AIAD_PROJ/M5_third_try finished successfully after 0 s
Dec 11, 2018 6:22:05 PM com.rapidminer.RepositoryProcessLocation store
INFO: Saved process definition at //AIAD_PROJ/M5_third_try.
Dec 11, 2018 6:22:23 PM com.rapidminer.tools.ResultService init
INFO: No filename given for result file, using stdout for logging results!
Dec 11, 2018 6:22:23 PM com.rapidminer.Process execute
INFO: Process //AIAD_PROJ/M5_4_try starts
Dec 11, 2018 6:22:23 PM com.rapidminer.tools.WrapperLoggingHandler logWarning
WARNING: Example set has no nominal label: using shuffled partition instead of stratified partition
Dec 11, 2018 6:22:23 PM com.rapidminer.Process saveResults
INFO: Saving results.
Dec 11, 2018 6:22:23 PM com.rapidminer.Process execute
INFO: Process //AIAD_PROJ/M5_4_try finished successfully after 0 s
Dec 11, 2018 6:22:33 PM com.rapidminer.tools.ResultService init
INFO: No filename given for result file, using stdout for logging results!
Dec 11, 2018 6:22:33 PM com.rapidminer.Process execute
INFO: Process //AIAD_PROJ/M5_4_try starts
Dec 11, 2018 6:22:33 PM com.rapidminer.tools.WrapperLoggingHandler logWarning
WARNING: Example set has no nominal label: using shuffled partition instead of stratified partition
Dec 11, 2018 6:22:33 PM com.rapidminer.Process saveResults
INFO: Saving results.
Dec 11, 2018 6:22:33 PM com.rapidminer.Process execute
INFO: Process //AIAD_PROJ/M5_4_try finished successfully after 0 s
Dec 11, 2018 6:22:40 PM com.rapidminer.tools.ResultService init
INFO: No filename given for result file, using stdout for logging results!
Dec 11, 2018 6:22:40 PM com.rapidminer.Process execute
INFO: Process //AIAD_PROJ/M5_4_try starts
Dec 11, 2018 6:22:40 PM com.rapidminer.tools.WrapperLoggingHandler logWarning
WARNING: Example set has no nominal label: using shuffled partition instead of stratified partition
Dec 11, 2018 6:22:40 PM com.rapidminer.Process saveResults
INFO: Saving results.
Dec 11, 2018 6:22:40 PM com.rapidminer.Process execute
INFO: Process //AIAD_PROJ/M5_4_try finished successfully after 0 s
Dec 11, 2018 6:22:48 PM com.rapidminer.RepositoryProcessLocation store
INFO: Saved process definition at //AIAD_PROJ/M5_4_try.
Dec 11, 2018 6:31:48 PM com.rapidminer.tools.ResultService init
INFO: No filename given for result file, using stdout for logging results!
Dec 11, 2018 6:31:48 PM com.rapidminer.Process execute
INFO: Process //AIAD_PROJ/M5_third_try starts
Dec 11, 2018 6:31:48 PM com.rapidminer.tools.WrapperLoggingHandler logWarning
WARNING: Example set has no nominal label: using shuffled partition instead of stratified partition
Dec 11, 2018 6:31:48 PM com.rapidminer.Process saveResults
INFO: Saving results.
Dec 11, 2018 6:31:48 PM com.rapidminer.Process execute
INFO: Process //AIAD_PROJ/M5_third_try finished successfully after 0 s
Dec 11, 2018 6:31:59 PM com.rapidminer.RepositoryProcessLocation store
INFO: Saved process definition at //AIAD_PROJ/M5_third_try.
Dec 11, 2018 6:32:14 PM com.rapidminer.tools.ResultService init
INFO: No filename given for result file, using stdout for logging results!
Dec 11, 2018 6:32:14 PM com.rapidminer.Process execute
INFO: Process //AIAD_PROJ/M5_4_try starts
Dec 11, 2018 6:32:14 PM com.rapidminer.tools.WrapperLoggingHandler logWarning
WARNING: Example set has no nominal label: using shuffled partition instead of stratified partition
Dec 11, 2018 6:32:15 PM com.rapidminer.Process saveResults
INFO: Saving results.
Dec 11, 2018 6:32:15 PM com.rapidminer.Process execute
INFO: Process //AIAD_PROJ/M5_4_try finished successfully after 0 s
Dec 11, 2018 6:32:24 PM com.rapidminer.RepositoryProcessLocation store
INFO: Saved process definition at //AIAD_PROJ/M5_4_try.
Dec 11, 2018 6:44:35 PM com.rapidminer.gui.plotter.charts.AbstractPieChartPlotter updatePlotter
INFO: Too many columns (1,566), this chart is only able to plot up to 50 different categories.
Dec 11, 2018 6:44:35 PM com.rapidminer.gui.plotter.charts.AbstractPieChartPlotter updatePlotter
INFO: Too many columns (1,566), this chart is only able to plot up to 50 different categories.
Dec 11, 2018 6:46:48 PM com.rapidminer.tools.ResultService init
INFO: No filename given for result file, using stdout for logging results!
Dec 11, 2018 6:46:48 PM com.rapidminer.Process execute
INFO: Process //AIAD_PROJ/M5_4_try starts
Dec 11, 2018 6:46:48 PM com.rapidminer.tools.WrapperLoggingHandler logWarning
WARNING: Example set has no nominal label: using shuffled partition instead of stratified partition
Dec 11, 2018 6:46:48 PM com.rapidminer.Process saveResults
INFO: Saving results.
Dec 11, 2018 6:46:48 PM com.rapidminer.Process execute
INFO: Process //AIAD_PROJ/M5_4_try finished successfully after 0 s
Dec 11, 2018 6:47:43 PM com.rapidminer.tools.ResultService init
INFO: No filename given for result file, using stdout for logging results!
Dec 11, 2018 6:47:43 PM com.rapidminer.Process execute
INFO: Process //AIAD_PROJ/M5_4_try starts
Dec 11, 2018 6:47:43 PM com.rapidminer.tools.WrapperLoggingHandler logWarning
WARNING: Example set has no nominal label: using shuffled partition instead of stratified partition
Dec 11, 2018 6:47:43 PM com.rapidminer.Process saveResults
INFO: Saving results.
Dec 11, 2018 6:47:43 PM com.rapidminer.Process execute
INFO: Process //AIAD_PROJ/M5_4_try finished successfully after 0 s
Dec 11, 2018 6:48:10 PM com.rapidminer.tools.ResultService init
INFO: No filename given for result file, using stdout for logging results!
Dec 11, 2018 6:48:10 PM com.rapidminer.Process execute
INFO: Process //AIAD_PROJ/M5_4_try starts
Dec 11, 2018 6:48:10 PM com.rapidminer.tools.WrapperLoggingHandler logWarning
WARNING: Example set has no nominal label: using shuffled partition instead of stratified partition
Dec 11, 2018 6:48:10 PM com.rapidminer.Process saveResults
INFO: Saving results.
Dec 11, 2018 6:48:10 PM com.rapidminer.Process execute
INFO: Process //AIAD_PROJ/M5_4_try finished successfully after 0 s
Dec 11, 2018 6:48:21 PM com.rapidminer.tools.ResultService init
INFO: No filename given for result file, using stdout for logging results!
Dec 11, 2018 6:48:21 PM com.rapidminer.Process execute
INFO: Process //AIAD_PROJ/M5_4_try starts
Dec 11, 2018 6:48:21 PM com.rapidminer.tools.WrapperLoggingHandler logWarning
WARNING: Example set has no nominal label: using shuffled partition instead of stratified partition
Dec 11, 2018 6:48:21 PM com.rapidminer.Process saveResults
INFO: Saving results.
Dec 11, 2018 6:48:21 PM com.rapidminer.Process execute
INFO: Process //AIAD_PROJ/M5_4_try finished successfully after 0 s
Dec 11, 2018 6:48:43 PM com.rapidminer.tools.ResultService init
INFO: No filename given for result file, using stdout for logging results!
Dec 11, 2018 6:48:43 PM com.rapidminer.Process execute
INFO: Process //AIAD_PROJ/M5_4_try starts
Dec 11, 2018 6:48:43 PM com.rapidminer.tools.WrapperLoggingHandler logWarning
WARNING: Example set has no nominal label: using shuffled partition instead of stratified partition
Dec 11, 2018 6:48:43 PM com.rapidminer.Process saveResults
INFO: Saving results.
Dec 11, 2018 6:48:43 PM com.rapidminer.Process execute
INFO: Process //AIAD_PROJ/M5_4_try finished successfully after 0 s
Dec 11, 2018 6:48:51 PM com.rapidminer.tools.ResultService init
INFO: No filename given for result file, using stdout for logging results!
Dec 11, 2018 6:48:51 PM com.rapidminer.Process execute
INFO: Process //AIAD_PROJ/M5_4_try starts
Dec 11, 2018 6:48:51 PM com.rapidminer.tools.WrapperLoggingHandler logWarning
WARNING: Example set has no nominal label: using shuffled partition instead of stratified partition
Dec 11, 2018 6:48:51 PM com.rapidminer.Process saveResults
INFO: Saving results.
Dec 11, 2018 6:48:51 PM com.rapidminer.Process execute
INFO: Process //AIAD_PROJ/M5_4_try finished successfully after 0 s
Dec 11, 2018 6:48:59 PM com.rapidminer.tools.ResultService init
INFO: No filename given for result file, using stdout for logging results!
Dec 11, 2018 6:48:59 PM com.rapidminer.Process execute
INFO: Process //AIAD_PROJ/M5_4_try starts
Dec 11, 2018 6:48:59 PM com.rapidminer.tools.WrapperLoggingHandler logWarning
WARNING: Example set has no nominal label: using shuffled partition instead of stratified partition
Dec 11, 2018 6:48:59 PM com.rapidminer.Process saveResults
INFO: Saving results.
Dec 11, 2018 6:48:59 PM com.rapidminer.Process execute
INFO: Process //AIAD_PROJ/M5_4_try finished successfully after 0 s
Dec 11, 2018 6:49:18 PM com.rapidminer.RepositoryProcessLocation store
INFO: Saved process definition at //AIAD_PROJ/M5_4_try.
Dec 11, 2018 6:50:41 PM com.rapidminer.tools.ResultService init
INFO: No filename given for result file, using stdout for logging results!
Dec 11, 2018 6:50:41 PM com.rapidminer.Process execute
INFO: Process //AIAD_PROJ/M5_4_try starts
Dec 11, 2018 6:50:41 PM com.rapidminer.tools.WrapperLoggingHandler logWarning
WARNING: Example set has no nominal label: using shuffled partition instead of stratified partition
Dec 11, 2018 6:50:41 PM com.rapidminer.Process saveResults
INFO: Saving results.
Dec 11, 2018 6:50:41 PM com.rapidminer.Process execute
INFO: Process //AIAD_PROJ/M5_4_try finished successfully after 0 s
Dec 11, 2018 6:50:53 PM com.rapidminer.tools.ResultService init
INFO: No filename given for result file, using stdout for logging results!
Dec 11, 2018 6:50:53 PM com.rapidminer.Process execute
INFO: Process //AIAD_PROJ/M5_4_try starts
Dec 11, 2018 6:50:53 PM com.rapidminer.tools.WrapperLoggingHandler logWarning
WARNING: Example set has no nominal label: using shuffled partition instead of stratified partition
Dec 11, 2018 6:50:53 PM com.rapidminer.Process saveResults
INFO: Saving results.
Dec 11, 2018 6:50:53 PM com.rapidminer.Process execute
INFO: Process //AIAD_PROJ/M5_4_try finished successfully after 0 s
Dec 11, 2018 6:51:09 PM com.rapidminer.tools.ResultService init
INFO: No filename given for result file, using stdout for logging results!
Dec 11, 2018 6:51:09 PM com.rapidminer.Process execute
INFO: Process //AIAD_PROJ/M5_4_try starts
Dec 11, 2018 6:51:09 PM com.rapidminer.tools.WrapperLoggingHandler logWarning
WARNING: Example set has no nominal label: using shuffled partition instead of stratified partition
Dec 11, 2018 6:51:10 PM com.rapidminer.Process saveResults
INFO: Saving results.
Dec 11, 2018 6:51:10 PM com.rapidminer.Process execute
INFO: Process //AIAD_PROJ/M5_4_try finished successfully after 0 s
Dec 11, 2018 6:51:24 PM com.rapidminer.tools.ResultService init
INFO: No filename given for result file, using stdout for logging results!
Dec 11, 2018 6:51:24 PM com.rapidminer.Process execute
INFO: Process //AIAD_PROJ/M5_4_try starts
Dec 11, 2018 6:51:24 PM com.rapidminer.tools.WrapperLoggingHandler logWarning
WARNING: Example set has no nominal label: using shuffled partition instead of stratified partition
Dec 11, 2018 6:51:24 PM com.rapidminer.Process saveResults
INFO: Saving results.
Dec 11, 2018 6:51:24 PM com.rapidminer.Process execute
INFO: Process //AIAD_PROJ/M5_4_try finished successfully after 0 s
Dec 11, 2018 6:51:42 PM com.rapidminer.tools.ResultService init
INFO: No filename given for result file, using stdout for logging results!
Dec 11, 2018 6:51:42 PM com.rapidminer.Process execute
INFO: Process //AIAD_PROJ/M5_4_try starts
Dec 11, 2018 6:51:42 PM com.rapidminer.tools.WrapperLoggingHandler logWarning
WARNING: Example set has no nominal label: using shuffled partition instead of stratified partition
Dec 11, 2018 6:51:42 PM com.rapidminer.Process saveResults
INFO: Saving results.
Dec 11, 2018 6:51:42 PM com.rapidminer.Process execute
INFO: Process //AIAD_PROJ/M5_4_try finished successfully after 0 s
Dec 11, 2018 6:51:50 PM com.rapidminer.tools.ResultService init
INFO: No filename given for result file, using stdout for logging results!
Dec 11, 2018 6:51:50 PM com.rapidminer.Process execute
INFO: Process //AIAD_PROJ/M5_4_try starts
Dec 11, 2018 6:51:50 PM com.rapidminer.tools.WrapperLoggingHandler logWarning
WARNING: Example set has no nominal label: using shuffled partition instead of stratified partition
Dec 11, 2018 6:51:50 PM com.rapidminer.Process saveResults
INFO: Saving results.
Dec 11, 2018 6:51:50 PM com.rapidminer.Process execute
INFO: Process //AIAD_PROJ/M5_4_try finished successfully after 0 s
Dec 11, 2018 6:52:03 PM com.rapidminer.tools.ResultService init
INFO: No filename given for result file, using stdout for logging results!
Dec 11, 2018 6:52:03 PM com.rapidminer.Process execute
INFO: Process //AIAD_PROJ/M5_4_try starts
Dec 11, 2018 6:52:03 PM com.rapidminer.tools.WrapperLoggingHandler logWarning
WARNING: Example set has no nominal label: using shuffled partition instead of stratified partition
Dec 11, 2018 6:52:03 PM com.rapidminer.Process saveResults
INFO: Saving results.
Dec 11, 2018 6:52:03 PM com.rapidminer.Process execute
INFO: Process //AIAD_PROJ/M5_4_try finished successfully after 0 s
Dec 11, 2018 6:52:19 PM com.rapidminer.tools.ResultService init
INFO: No filename given for result file, using stdout for logging results!
Dec 11, 2018 6:52:19 PM com.rapidminer.Process execute
INFO: Process //AIAD_PROJ/M5_4_try starts
Dec 11, 2018 6:52:19 PM com.rapidminer.tools.WrapperLoggingHandler logWarning
WARNING: Example set has no nominal label: using shuffled partition instead of stratified partition
Dec 11, 2018 6:52:19 PM com.rapidminer.Process saveResults
INFO: Saving results.
Dec 11, 2018 6:52:19 PM com.rapidminer.Process execute
INFO: Process //AIAD_PROJ/M5_4_try finished successfully after 0 s
Dec 11, 2018 6:52:35 PM com.rapidminer.RepositoryProcessLocation store
INFO: Saved process definition at //AIAD_PROJ/M5_4_try.
Dec 11, 2018 6:53:25 PM com.rapidminer.gui.RapidMinerGUI$ShutdownHook run
INFO: Running shutdown sequence.
Dec 11, 2018 6:53:26 PM com.rapidminer.tools.usagestats.CallToActionScheduler shutdown
INFO: Shutting down CTA scheduler.
